Currently using device: 1
Device name: NVIDIA GeForce RTX 3080
Test directory: /media/HDD7/jimmywu/cache-mpc/tdmpc/tests/humanoid-run/humanoid-/1
Warning: Model file not found at /media/HDD7/jimmywu/cache-mpc/tdmpc/logs/humanoid-run/state/humanoid-/1/models/model.pt
Using randomly initialized model for testing.
Starting test with 5 episodes...
Task: humanoid-run
Experiment: humanoid-
Seed: 1
Testing episode 1/5
选择轨迹 #25, 距离: 22.6847
选择轨迹 #13, 距离: 26.1564
选择轨迹 #51, 距离: 19.6957
选择轨迹 #29, 距离: 20.8003
  Step 10, reward so far: 0.40
选择轨迹 #55, 距离: 24.5616
选择轨迹 #2, 距离: 24.2914
选择轨迹 #14, 距离: 25.4024
选择轨迹 #6, 距离: 28.2330
选择轨迹 #27, 距离: 14.0834
  Step 20, reward so far: 0.40
选择轨迹 #4, 距离: 12.2194
选择轨迹 #28, 距离: 16.6742
选择轨迹 #47, 距离: 14.3327
选择轨迹 #1, 距离: 11.6730
选择轨迹 #32, 距离: 16.2924
  Step 30, reward so far: 0.40
选择轨迹 #27, 距离: 21.0691
选择轨迹 #5, 距离: 24.7792
选择轨迹 #52, 距离: 20.2017
选择轨迹 #15, 距离: 24.1041
选择轨迹 #3, 距离: 14.3372
  Step 40, reward so far: 0.40
选择轨迹 #11, 距离: 20.7236
选择轨迹 #52, 距离: 18.1693
选择轨迹 #51, 距离: 24.1463
选择轨迹 #1, 距离: 17.6786
选择轨迹 #19, 距离: 20.1328
  Step 50, reward so far: 0.40
选择轨迹 #9, 距离: 11.2788
选择轨迹 #11, 距离: 24.5489
选择轨迹 #19, 距离: 12.0068
选择轨迹 #29, 距离: 13.7813
选择轨迹 #27, 距离: 23.0209
  Step 60, reward so far: 0.40
选择轨迹 #8, 距离: 14.7390
选择轨迹 #55, 距离: 25.9457
选择轨迹 #52, 距离: 27.7452
选择轨迹 #57, 距离: 18.3607
选择轨迹 #22, 距离: 16.2741
  Step 70, reward so far: 0.40
选择轨迹 #36, 距离: 15.0179
选择轨迹 #12, 距离: 15.3181
选择轨迹 #46, 距离: 17.6057
选择轨迹 #21, 距离: 13.6875
选择轨迹 #19, 距离: 13.6158
  Step 80, reward so far: 0.40
选择轨迹 #32, 距离: 25.5380
选择轨迹 #27, 距离: 11.5359
选择轨迹 #24, 距离: 20.5252
选择轨迹 #33, 距离: 15.6075
选择轨迹 #37, 距离: 17.7260
  Step 90, reward so far: 0.40
选择轨迹 #8, 距离: 12.4235
选择轨迹 #55, 距离: 30.6795
选择轨迹 #50, 距离: 19.3413
选择轨迹 #43, 距离: 25.2050
选择轨迹 #39, 距离: 27.1183
  Step 100, reward so far: 0.40
选择轨迹 #5, 距离: 14.9971
选择轨迹 #51, 距离: 9.8928
选择轨迹 #31, 距离: 24.9092
选择轨迹 #21, 距离: 29.6406
选择轨迹 #3, 距离: 15.7982
  Step 110, reward so far: 0.40
选择轨迹 #18, 距离: 19.2194
选择轨迹 #37, 距离: 16.3832
选择轨迹 #8, 距离: 18.2352
选择轨迹 #15, 距离: 22.2220
选择轨迹 #16, 距离: 28.9193
  Step 120, reward so far: 0.40
选择轨迹 #43, 距离: 19.5942
选择轨迹 #46, 距离: 21.7913
选择轨迹 #54, 距离: 19.6405
选择轨迹 #5, 距离: 26.5321
选择轨迹 #11, 距离: 28.4592
  Step 130, reward so far: 0.40
选择轨迹 #55, 距离: 27.9078
选择轨迹 #19, 距离: 19.6799
选择轨迹 #5, 距离: 20.1234
选择轨迹 #54, 距离: 16.0570
选择轨迹 #13, 距离: 15.4597
  Step 140, reward so far: 0.40
选择轨迹 #8, 距离: 15.7833
选择轨迹 #55, 距离: 15.6897
选择轨迹 #53, 距离: 25.0781
选择轨迹 #25, 距离: 31.9190
选择轨迹 #32, 距离: 16.6290
  Step 150, reward so far: 0.40
选择轨迹 #44, 距离: 32.6551
选择轨迹 #58, 距离: 21.2084
选择轨迹 #30, 距离: 32.3415
选择轨迹 #63, 距离: 15.2796
选择轨迹 #54, 距离: 25.4146
  Step 160, reward so far: 0.40
选择轨迹 #60, 距离: 18.2276
选择轨迹 #0, 距离: 19.5877
选择轨迹 #54, 距离: 22.2205
选择轨迹 #53, 距离: 13.2294
选择轨迹 #42, 距离: 23.6886
  Step 170, reward so far: 0.40
选择轨迹 #53, 距离: 23.8015
选择轨迹 #62, 距离: 24.5038
选择轨迹 #29, 距离: 21.7022
选择轨迹 #9, 距离: 16.5057
选择轨迹 #25, 距离: 31.8422
  Step 180, reward so far: 0.40
选择轨迹 #22, 距离: 14.0384
选择轨迹 #37, 距离: 20.2844
选择轨迹 #8, 距离: 22.8434
选择轨迹 #41, 距离: 24.7268
选择轨迹 #59, 距离: 26.1914
  Step 190, reward so far: 0.40
选择轨迹 #31, 距离: 15.6463
选择轨迹 #33, 距离: 24.3129
选择轨迹 #8, 距离: 15.2370
选择轨迹 #34, 距离: 27.4767
选择轨迹 #21, 距离: 18.6647
  Step 200, reward so far: 0.40
选择轨迹 #49, 距离: 20.7832
选择轨迹 #18, 距离: 28.0335
选择轨迹 #5, 距离: 19.6689
选择轨迹 #17, 距离: 14.8552
选择轨迹 #59, 距离: 29.2230
  Step 210, reward so far: 0.40
选择轨迹 #34, 距离: 25.7964
选择轨迹 #26, 距离: 18.9792
选择轨迹 #37, 距离: 20.0698
选择轨迹 #61, 距离: 24.2928
选择轨迹 #1, 距离: 27.7295
  Step 220, reward so far: 0.40
选择轨迹 #49, 距离: 18.4896
选择轨迹 #46, 距离: 28.7866
选择轨迹 #42, 距离: 17.1061
选择轨迹 #32, 距离: 20.4393
选择轨迹 #25, 距离: 29.7685
  Step 230, reward so far: 0.40
选择轨迹 #9, 距离: 29.3903
选择轨迹 #11, 距离: 18.8769
选择轨迹 #18, 距离: 18.3546
选择轨迹 #22, 距离: 23.1079
选择轨迹 #17, 距离: 16.8005
  Step 240, reward so far: 0.40
选择轨迹 #29, 距离: 29.9903
选择轨迹 #34, 距离: 23.5064
选择轨迹 #37, 距离: 23.6982
选择轨迹 #36, 距离: 17.8827
选择轨迹 #59, 距离: 17.2971
  Step 250, reward so far: 0.40
选择轨迹 #23, 距离: 17.4541
选择轨迹 #41, 距离: 13.6822
选择轨迹 #35, 距离: 21.0018
选择轨迹 #49, 距离: 18.7202
选择轨迹 #33, 距离: 15.0550
  Step 260, reward so far: 0.40
选择轨迹 #24, 距离: 18.0107
选择轨迹 #58, 距离: 28.7820
选择轨迹 #39, 距离: 17.1581
选择轨迹 #62, 距离: 18.9252
选择轨迹 #56, 距离: 17.9274
  Step 270, reward so far: 0.40
选择轨迹 #3, 距离: 21.0317
选择轨迹 #28, 距离: 17.9682
选择轨迹 #27, 距离: 24.6665
选择轨迹 #24, 距离: 30.8525
选择轨迹 #45, 距离: 17.7074
  Step 280, reward so far: 0.40
选择轨迹 #41, 距离: 15.3079
选择轨迹 #34, 距离: 21.5441
选择轨迹 #23, 距离: 16.0156
选择轨迹 #53, 距离: 22.8447
选择轨迹 #16, 距离: 21.4515
  Step 290, reward so far: 0.40
选择轨迹 #41, 距离: 14.1625
选择轨迹 #42, 距离: 13.6794
选择轨迹 #40, 距离: 17.1207
选择轨迹 #45, 距离: 23.9817
选择轨迹 #32, 距离: 26.0204
  Step 300, reward so far: 0.40
选择轨迹 #21, 距离: 27.3004
选择轨迹 #7, 距离: 29.7135
选择轨迹 #42, 距离: 21.0471
选择轨迹 #4, 距离: 17.9379
选择轨迹 #58, 距离: 21.4878
  Step 310, reward so far: 0.40
选择轨迹 #59, 距离: 16.5819
选择轨迹 #45, 距离: 25.7285
选择轨迹 #39, 距离: 18.7220
选择轨迹 #59, 距离: 19.7328
选择轨迹 #34, 距离: 21.0027
  Step 320, reward so far: 0.40
选择轨迹 #63, 距离: 22.8363
选择轨迹 #46, 距离: 17.5168
选择轨迹 #26, 距离: 22.5114
选择轨迹 #17, 距离: 26.6574
选择轨迹 #61, 距离: 20.8013
  Step 330, reward so far: 0.40
选择轨迹 #57, 距离: 24.8636
选择轨迹 #61, 距离: 23.1737
选择轨迹 #29, 距离: 15.1329
选择轨迹 #28, 距离: 28.2143
选择轨迹 #15, 距离: 26.9079
  Step 340, reward so far: 0.40
选择轨迹 #57, 距离: 18.9304
选择轨迹 #53, 距离: 17.5062
选择轨迹 #42, 距离: 22.1898
选择轨迹 #24, 距离: 9.5801
选择轨迹 #35, 距离: 26.1549
  Step 350, reward so far: 0.40
选择轨迹 #10, 距离: 12.7278
选择轨迹 #49, 距离: 26.4387
选择轨迹 #51, 距离: 27.3069
选择轨迹 #32, 距离: 14.5257
选择轨迹 #30, 距离: 23.2578
  Step 360, reward so far: 0.40
选择轨迹 #30, 距离: 15.4440
选择轨迹 #15, 距离: 27.5653
选择轨迹 #4, 距离: 23.2580
选择轨迹 #35, 距离: 21.6659
选择轨迹 #31, 距离: 17.9044
  Step 370, reward so far: 0.40
选择轨迹 #39, 距离: 22.6579
选择轨迹 #3, 距离: 8.7499
选择轨迹 #15, 距离: 14.5670
选择轨迹 #19, 距离: 17.2747
选择轨迹 #29, 距离: 19.2330
  Step 380, reward so far: 0.40
选择轨迹 #51, 距离: 13.6692
选择轨迹 #40, 距离: 24.4406
选择轨迹 #41, 距离: 31.7882
选择轨迹 #18, 距离: 10.8056
选择轨迹 #41, 距离: 16.6800
Traceback (most recent call last):
  File "/media/HDD7/jimmywu/conda/envs/tdmpc/lib/python3.8/runpy.py", line 194, in _run_module_as_main
    return _run_code(code, main_globals, None,
  File "/media/HDD7/jimmywu/conda/envs/tdmpc/lib/python3.8/runpy.py", line 87, in _run_code
    exec(code, run_globals)
  File "/media/HDD7/jimmywu/cache-mpc/tdmpc/src/cache_mpc/test.py", line 202, in <module>
    main()
  File "/media/HDD7/jimmywu/cache-mpc/tdmpc/src/cache_mpc/test.py", line 167, in main
    avg_reward, episode_rewards = test_agent(
  File "/media/HDD7/jimmywu/cache-mpc/tdmpc/src/cache_mpc/test.py", line 85, in test_agent
    action = agent.plan(
  File "/media/HDD7/jimmywu/conda/envs/tdmpc/lib/python3.8/site-packages/torch/autograd/grad_mode.py", line 28, in decorate_context
    return func(*args, **kwargs)
  File "/media/HDD7/jimmywu/cache-mpc/tdmpc/src/algorithm/tdmpc.py", line 185, in plan
    save_planned_states(self.cfg, elite_states, elite_values, score, time, horizon, test_dir)
KeyboardInterrupt
  Step 390, reward so far: 0.40
选择轨迹 #12, 距离: 30.4493
选择轨迹 #30, 距离: 16.4563
选择轨迹 #40, 距离: 25.6158
选择轨迹 #30, 距离: 17.6703
选择轨迹 #41, 距离: 21.2017
  Step 400, reward so far: 0.40
选择轨迹 #41, 距离: 23.0862
选择轨迹 #23, 距离: 26.7502
选择轨迹 #43, 距离: 32.7207
选择轨迹 #6, 距离: 16.8139
选择轨迹 #29, 距离: 21.6629
  Step 410, reward so far: 0.40
选择轨迹 #58, 距离: 21.8368
选择轨迹 #20, 距离: 23.2970
